2020-04-29 10:31:34,129 INFO 7940 [egg:logger] init all loggers with options: {"dir":"D:\\Sky\\egg.js\\neew\\egg-example\\logs\\eggjs","encoding":"utf8","env":"local","level":"INFO","consoleLevel":"INFO","disableConsoleAfterReady":false,"outputJSON":false,"buffer":true,"appLogName":"eggjs-web.log","coreLogName":"egg-web.log","agentLogName":"egg-agent.log","errorLogName":"common-error.log","coreLogger":{"consoleLevel":"WARN"},"allowDebugAtProd":false,"type":"application"}
2020-04-29 10:31:34,166 INFO 7940 [egg-multipart] stream mode enable
2020-04-29 10:31:34,289 INFO 7940 [egg-static] starting static serve /public/ -> D:\Sky\egg.js\neew\egg-example\app\public
2020-04-29 10:31:34,293 INFO 7940 [egg-security] use csrf middleware
2020-04-29 10:31:34,294 INFO 7940 [egg-security] use methodnoallow middleware
2020-04-29 10:31:34,295 INFO 7940 [egg-security] use noopen middleware
2020-04-29 10:31:34,296 INFO 7940 [egg-security] use nosniff middleware
2020-04-29 10:31:34,296 INFO 7940 [egg-security] use xssProtection middleware
2020-04-29 10:31:34,297 INFO 7940 [egg-security] use xframe middleware
2020-04-29 10:31:34,297 INFO 7940 [egg-security] use dta middleware
2020-04-29 10:31:34,297 INFO 7940 [egg-security] compose 7 middlewares into one security middleware
2020-04-29 10:31:34,315 INFO 7940 [egg:core] dump config after load, 12ms
2020-04-29 10:31:34,334 INFO 7940 [egg-watcher:application] watcher start success
2020-04-29 10:31:34,344 INFO 7940 [egg:core] dump config after ready, 7ms
2020-04-29 10:39:33,335 INFO 5160 [egg:logger] init all loggers with options: {"dir":"D:\\Sky\\egg.js\\neew\\egg-example\\logs\\eggjs","encoding":"utf8","env":"local","level":"INFO","consoleLevel":"INFO","disableConsoleAfterReady":false,"outputJSON":false,"buffer":true,"appLogName":"eggjs-web.log","coreLogName":"egg-web.log","agentLogName":"egg-agent.log","errorLogName":"common-error.log","coreLogger":{"consoleLevel":"WARN"},"allowDebugAtProd":false,"type":"application"}
2020-04-29 10:39:33,399 INFO 5160 [egg-multipart] stream mode enable
2020-04-29 10:39:33,790 INFO 5160 [egg-static] starting static serve /public/ -> D:\Sky\egg.js\neew\egg-example\app\public
2020-04-29 10:39:33,794 INFO 5160 [egg-security] use csrf middleware
2020-04-29 10:39:33,796 INFO 5160 [egg-security] use methodnoallow middleware
2020-04-29 10:39:33,796 INFO 5160 [egg-security] use noopen middleware
2020-04-29 10:39:33,798 INFO 5160 [egg-security] use nosniff middleware
2020-04-29 10:39:33,798 INFO 5160 [egg-security] use xssProtection middleware
2020-04-29 10:39:33,799 INFO 5160 [egg-security] use xframe middleware
2020-04-29 10:39:33,800 INFO 5160 [egg-security] use dta middleware
2020-04-29 10:39:33,800 INFO 5160 [egg-security] compose 7 middlewares into one security middleware
2020-04-29 10:39:33,819 INFO 5160 [egg:core] dump config after load, 12ms
2020-04-29 10:39:33,839 INFO 5160 [egg-watcher:application] watcher start success
2020-04-29 10:39:33,849 INFO 5160 [egg:core] dump config after ready, 8ms
2020-04-29 11:11:02,426 INFO 8364 [egg:logger] init all loggers with options: {"dir":"D:\\Sky\\egg.js\\neew\\egg-example\\logs\\eggjs","encoding":"utf8","env":"local","level":"INFO","consoleLevel":"INFO","disableConsoleAfterReady":false,"outputJSON":false,"buffer":true,"appLogName":"eggjs-web.log","coreLogName":"egg-web.log","agentLogName":"egg-agent.log","errorLogName":"common-error.log","coreLogger":{"consoleLevel":"WARN"},"allowDebugAtProd":false,"type":"application"}
2020-04-29 11:11:02,465 INFO 8364 [egg-multipart] stream mode enable
2020-04-29 11:11:02,957 INFO 8364 [egg-static] starting static serve /public/ -> D:\Sky\egg.js\neew\egg-example\app\public
2020-04-29 11:11:02,988 INFO 8364 [egg-security] use csrf middleware
2020-04-29 11:11:02,991 INFO 8364 [egg-security] use methodnoallow middleware
2020-04-29 11:11:02,993 INFO 8364 [egg-security] use noopen middleware
2020-04-29 11:11:02,996 INFO 8364 [egg-security] use nosniff middleware
2020-04-29 11:11:02,997 INFO 8364 [egg-security] use xssProtection middleware
2020-04-29 11:11:02,999 INFO 8364 [egg-security] use xframe middleware
2020-04-29 11:11:03,001 INFO 8364 [egg-security] use dta middleware
2020-04-29 11:11:03,001 INFO 8364 [egg-security] compose 7 middlewares into one security middleware
2020-04-29 11:11:03,035 INFO 8364 [egg:core] dump config after load, 21ms
2020-04-29 11:11:03,061 INFO 8364 [egg-watcher:application] watcher start success
2020-04-29 11:11:03,071 INFO 8364 [egg:core] dump config after ready, 8ms
2020-04-29 14:13:21,474 INFO 6552 [egg:logger] init all loggers with options: {"dir":"D:\\Sky\\egg.js\\neew\\egg-example\\logs\\eggjs","encoding":"utf8","env":"local","level":"INFO","consoleLevel":"INFO","disableConsoleAfterReady":false,"outputJSON":false,"buffer":true,"appLogName":"eggjs-web.log","coreLogName":"egg-web.log","agentLogName":"egg-agent.log","errorLogName":"common-error.log","coreLogger":{"consoleLevel":"WARN"},"allowDebugAtProd":false,"type":"application"}
2020-04-29 14:13:21,513 INFO 6552 [egg-multipart] stream mode enable
2020-04-29 14:13:21,859 INFO 6552 [egg-static] starting static serve /public/ -> D:\Sky\egg.js\neew\egg-example\app\public
2020-04-29 14:13:21,871 INFO 6552 [egg-security] use csrf middleware
2020-04-29 14:13:21,874 INFO 6552 [egg-security] use methodnoallow middleware
2020-04-29 14:13:21,876 INFO 6552 [egg-security] use noopen middleware
2020-04-29 14:13:21,879 INFO 6552 [egg-security] use nosniff middleware
2020-04-29 14:13:21,881 INFO 6552 [egg-security] use xssProtection middleware
2020-04-29 14:13:21,882 INFO 6552 [egg-security] use xframe middleware
2020-04-29 14:13:21,883 INFO 6552 [egg-security] use dta middleware
2020-04-29 14:13:21,883 INFO 6552 [egg-security] compose 7 middlewares into one security middleware
2020-04-29 14:13:21,918 INFO 6552 [egg:core] dump config after load, 23ms
2020-04-29 14:13:21,942 INFO 6552 [egg-watcher:application] watcher start success
2020-04-29 14:13:21,951 INFO 6552 [egg:core] dump config after ready, 6ms
2020-04-29 15:34:40,044 INFO 6136 [egg:logger] init all loggers with options: {"dir":"D:\\Sky\\code\\nodeJS4.29\\egg-example\\logs\\eggjs","encoding":"utf8","env":"local","level":"INFO","consoleLevel":"INFO","disableConsoleAfterReady":false,"outputJSON":false,"buffer":true,"appLogName":"eggjs-web.log","coreLogName":"egg-web.log","agentLogName":"egg-agent.log","errorLogName":"common-error.log","coreLogger":{"consoleLevel":"WARN"},"allowDebugAtProd":false,"type":"application"}
2020-04-29 15:34:40,106 INFO 6136 [egg-multipart] stream mode enable
2020-04-29 15:34:40,408 INFO 6136 [egg-static] starting static serve /public/ -> D:\Sky\code\nodeJS4.29\egg-example\app\public
2020-04-29 15:34:40,413 INFO 6136 [egg-security] use csrf middleware
2020-04-29 15:34:40,415 INFO 6136 [egg-security] use methodnoallow middleware
2020-04-29 15:34:40,415 INFO 6136 [egg-security] use noopen middleware
2020-04-29 15:34:40,420 INFO 6136 [egg-security] use nosniff middleware
2020-04-29 15:34:40,421 INFO 6136 [egg-security] use xssProtection middleware
2020-04-29 15:34:40,422 INFO 6136 [egg-security] use xframe middleware
2020-04-29 15:34:40,423 INFO 6136 [egg-security] use dta middleware
2020-04-29 15:34:40,423 INFO 6136 [egg-security] compose 7 middlewares into one security middleware
2020-04-29 15:34:40,439 INFO 6136 [egg:core] dump config after load, 11ms
2020-04-29 15:34:40,461 INFO 6136 [egg-watcher:application] watcher start success
2020-04-29 15:34:40,473 INFO 6136 [egg:core] dump config after ready, 9ms
2020-04-29 16:35:24,692 INFO 10208 [egg:logger] init all loggers with options: {"dir":"D:\\Sky\\code\\nodeJS4.29\\egg-example\\logs\\eggjs","encoding":"utf8","env":"local","level":"INFO","consoleLevel":"INFO","disableConsoleAfterReady":false,"outputJSON":false,"buffer":true,"appLogName":"eggjs-web.log","coreLogName":"egg-web.log","agentLogName":"egg-agent.log","errorLogName":"common-error.log","coreLogger":{"consoleLevel":"WARN"},"allowDebugAtProd":false,"type":"application"}
2020-04-29 16:35:24,900 INFO 10208 [egg-multipart] stream mode enable
2020-04-29 16:35:28,369 INFO 10208 [egg-static] starting static serve /public/ -> D:\Sky\code\nodeJS4.29\egg-example\app\public
2020-04-29 16:35:28,403 INFO 10208 [egg-security] use csrf middleware
2020-04-29 16:35:28,408 INFO 10208 [egg-security] use methodnoallow middleware
2020-04-29 16:35:28,411 INFO 10208 [egg-security] use noopen middleware
2020-04-29 16:35:28,428 INFO 10208 [egg-security] use nosniff middleware
2020-04-29 16:35:28,431 INFO 10208 [egg-security] use xssProtection middleware
2020-04-29 16:35:28,433 INFO 10208 [egg-security] use xframe middleware
2020-04-29 16:35:28,446 INFO 10208 [egg-security] use dta middleware
2020-04-29 16:35:28,447 INFO 10208 [egg-security] compose 7 middlewares into one security middleware
2020-04-29 16:35:28,473 INFO 10208 [egg:core] dump config after load, 15ms
2020-04-29 16:35:28,518 INFO 10208 [egg-watcher:application] watcher start success
2020-04-29 16:35:28,535 INFO 10208 [egg:core] dump config after ready, 15ms
2020-04-29 16:36:50,500 INFO 10616 [egg:logger] init all loggers with options: {"dir":"D:\\Sky\\code\\nodeJS4.29\\egg-example\\logs\\eggjs","encoding":"utf8","env":"local","level":"INFO","consoleLevel":"INFO","disableConsoleAfterReady":false,"outputJSON":false,"buffer":true,"appLogName":"eggjs-web.log","coreLogName":"egg-web.log","agentLogName":"egg-agent.log","errorLogName":"common-error.log","coreLogger":{"consoleLevel":"WARN"},"allowDebugAtProd":false,"type":"application"}
2020-04-29 16:36:50,592 INFO 10616 [egg-multipart] stream mode enable
2020-04-29 16:36:51,197 INFO 10616 [egg-static] starting static serve /public/ -> D:\Sky\code\nodeJS4.29\egg-example\app\public
2020-04-29 16:36:51,224 INFO 10616 [egg-security] use csrf middleware
2020-04-29 16:36:51,230 INFO 10616 [egg-security] use methodnoallow middleware
2020-04-29 16:36:51,231 INFO 10616 [egg-security] use noopen middleware
2020-04-29 16:36:51,248 INFO 10616 [egg-security] use nosniff middleware
2020-04-29 16:36:51,249 INFO 10616 [egg-security] use xssProtection middleware
2020-04-29 16:36:51,250 INFO 10616 [egg-security] use xframe middleware
2020-04-29 16:36:51,250 INFO 10616 [egg-security] use dta middleware
2020-04-29 16:36:51,250 INFO 10616 [egg-security] compose 7 middlewares into one security middleware
2020-04-29 16:36:51,346 INFO 10616 [egg:core] dump config after load, 90ms
2020-04-29 16:36:51,394 INFO 10616 [egg-watcher:application] watcher start success
2020-04-29 16:36:51,462 INFO 10616 [egg:core] dump config after ready, 58ms
2020-04-29 16:37:01,817 INFO 9552 [egg:logger] init all loggers with options: {"dir":"D:\\Sky\\code\\nodeJS4.29\\egg-example\\logs\\eggjs","encoding":"utf8","env":"local","level":"INFO","consoleLevel":"INFO","disableConsoleAfterReady":false,"outputJSON":false,"buffer":true,"appLogName":"eggjs-web.log","coreLogName":"egg-web.log","agentLogName":"egg-agent.log","errorLogName":"common-error.log","coreLogger":{"consoleLevel":"WARN"},"allowDebugAtProd":false,"type":"application"}
2020-04-29 16:37:01,922 INFO 9552 [egg-multipart] stream mode enable
2020-04-29 16:37:02,537 INFO 9552 [egg-static] starting static serve /public/ -> D:\Sky\code\nodeJS4.29\egg-example\app\public
2020-04-29 16:37:02,586 INFO 9552 [egg-security] use csrf middleware
2020-04-29 16:37:02,591 INFO 9552 [egg-security] use methodnoallow middleware
2020-04-29 16:37:02,593 INFO 9552 [egg-security] use noopen middleware
2020-04-29 16:37:02,600 INFO 9552 [egg-security] use nosniff middleware
2020-04-29 16:37:02,603 INFO 9552 [egg-security] use xssProtection middleware
2020-04-29 16:37:02,605 INFO 9552 [egg-security] use xframe middleware
2020-04-29 16:37:02,607 INFO 9552 [egg-security] use dta middleware
2020-04-29 16:37:02,607 INFO 9552 [egg-security] compose 7 middlewares into one security middleware
2020-04-29 16:37:02,643 INFO 9552 [egg:core] dump config after load, 19ms
2020-04-29 16:37:02,671 INFO 9552 [egg-watcher:application] watcher start success
2020-04-29 16:37:02,681 INFO 9552 [egg:core] dump config after ready, 7ms
2020-04-29 16:37:45,632 INFO 3340 [egg:logger] init all loggers with options: {"dir":"D:\\Sky\\code\\nodeJS4.29\\egg-example\\logs\\eggjs","encoding":"utf8","env":"local","level":"INFO","consoleLevel":"INFO","disableConsoleAfterReady":false,"outputJSON":false,"buffer":true,"appLogName":"eggjs-web.log","coreLogName":"egg-web.log","agentLogName":"egg-agent.log","errorLogName":"common-error.log","coreLogger":{"consoleLevel":"WARN"},"allowDebugAtProd":false,"type":"application"}
2020-04-29 16:37:45,794 INFO 3340 [egg-multipart] stream mode enable
2020-04-29 16:37:46,360 INFO 3340 [egg-static] starting static serve /public/ -> D:\Sky\code\nodeJS4.29\egg-example\app\public
2020-04-29 16:37:46,401 INFO 3340 [egg-security] use csrf middleware
2020-04-29 16:37:46,404 INFO 3340 [egg-security] use methodnoallow middleware
2020-04-29 16:37:46,412 INFO 3340 [egg-security] use noopen middleware
2020-04-29 16:37:46,433 INFO 3340 [egg-security] use nosniff middleware
2020-04-29 16:37:46,435 INFO 3340 [egg-security] use xssProtection middleware
2020-04-29 16:37:46,436 INFO 3340 [egg-security] use xframe middleware
2020-04-29 16:37:46,438 INFO 3340 [egg-security] use dta middleware
2020-04-29 16:37:46,438 INFO 3340 [egg-security] compose 7 middlewares into one security middleware
2020-04-29 16:37:46,478 INFO 3340 [egg:core] dump config after load, 26ms
2020-04-29 16:37:46,513 INFO 3340 [egg-watcher:application] watcher start success
2020-04-29 16:37:46,532 INFO 3340 [egg:core] dump config after ready, 7ms
2020-04-29 16:37:57,417 INFO 7624 [egg:logger] init all loggers with options: {"dir":"D:\\Sky\\code\\nodeJS4.29\\egg-example\\logs\\eggjs","encoding":"utf8","env":"local","level":"INFO","consoleLevel":"INFO","disableConsoleAfterReady":false,"outputJSON":false,"buffer":true,"appLogName":"eggjs-web.log","coreLogName":"egg-web.log","agentLogName":"egg-agent.log","errorLogName":"common-error.log","coreLogger":{"consoleLevel":"WARN"},"allowDebugAtProd":false,"type":"application"}
2020-04-29 16:37:57,499 INFO 7624 [egg-multipart] stream mode enable
2020-04-29 16:37:58,231 INFO 7624 [egg-static] starting static serve /public/ -> D:\Sky\code\nodeJS4.29\egg-example\app\public
2020-04-29 16:37:58,265 INFO 7624 [egg-security] use csrf middleware
2020-04-29 16:37:58,276 INFO 7624 [egg-security] use methodnoallow middleware
2020-04-29 16:37:58,279 INFO 7624 [egg-security] use noopen middleware
2020-04-29 16:37:58,304 INFO 7624 [egg-security] use nosniff middleware
2020-04-29 16:37:58,306 INFO 7624 [egg-security] use xssProtection middleware
2020-04-29 16:37:58,307 INFO 7624 [egg-security] use xframe middleware
2020-04-29 16:37:58,308 INFO 7624 [egg-security] use dta middleware
2020-04-29 16:37:58,308 INFO 7624 [egg-security] compose 7 middlewares into one security middleware
2020-04-29 16:37:58,328 INFO 7624 [egg:core] dump config after load, 12ms
2020-04-29 16:37:58,350 INFO 7624 [egg-watcher:application] watcher start success
2020-04-29 16:37:58,360 INFO 7624 [egg:core] dump config after ready, 6ms
2020-04-29 16:39:30,008 INFO 7572 [egg:logger] init all loggers with options: {"dir":"D:\\Sky\\code\\nodeJS4.29\\egg-example\\logs\\eggjs","encoding":"utf8","env":"local","level":"INFO","consoleLevel":"INFO","disableConsoleAfterReady":false,"outputJSON":false,"buffer":true,"appLogName":"eggjs-web.log","coreLogName":"egg-web.log","agentLogName":"egg-agent.log","errorLogName":"common-error.log","coreLogger":{"consoleLevel":"WARN"},"allowDebugAtProd":false,"type":"application"}
2020-04-29 16:39:30,093 INFO 7572 [egg-multipart] stream mode enable
2020-04-29 16:39:30,739 INFO 7572 [egg-static] starting static serve /public/ -> D:\Sky\code\nodeJS4.29\egg-example\app\public
2020-04-29 16:39:30,767 INFO 7572 [egg-security] use csrf middleware
2020-04-29 16:39:30,768 INFO 7572 [egg-security] use methodnoallow middleware
2020-04-29 16:39:30,769 INFO 7572 [egg-security] use noopen middleware
2020-04-29 16:39:30,791 INFO 7572 [egg-security] use nosniff middleware
2020-04-29 16:39:30,792 INFO 7572 [egg-security] use xssProtection middleware
2020-04-29 16:39:30,793 INFO 7572 [egg-security] use xframe middleware
2020-04-29 16:39:30,793 INFO 7572 [egg-security] use dta middleware
2020-04-29 16:39:30,793 INFO 7572 [egg-security] compose 7 middlewares into one security middleware
2020-04-29 16:39:30,820 INFO 7572 [egg:core] dump config after load, 21ms
2020-04-29 16:39:30,836 INFO 7572 [egg-watcher:application] watcher start success
2020-04-29 16:39:30,855 INFO 7572 [egg:core] dump config after ready, 16ms
2020-04-29 16:40:46,528 INFO 5432 [egg:logger] init all loggers with options: {"dir":"D:\\Sky\\code\\nodeJS4.29\\egg-example\\logs\\eggjs","encoding":"utf8","env":"local","level":"INFO","consoleLevel":"INFO","disableConsoleAfterReady":false,"outputJSON":false,"buffer":true,"appLogName":"eggjs-web.log","coreLogName":"egg-web.log","agentLogName":"egg-agent.log","errorLogName":"common-error.log","coreLogger":{"consoleLevel":"WARN"},"allowDebugAtProd":false,"type":"application"}
2020-04-29 16:40:46,619 INFO 5432 [egg-multipart] stream mode enable
2020-04-29 16:40:47,295 INFO 5432 [egg-static] starting static serve /public/ -> D:\Sky\code\nodeJS4.29\egg-example\app\public
2020-04-29 16:40:47,328 INFO 5432 [egg-security] use csrf middleware
2020-04-29 16:40:47,332 INFO 5432 [egg-security] use methodnoallow middleware
2020-04-29 16:40:47,341 INFO 5432 [egg-security] use noopen middleware
2020-04-29 16:40:47,367 INFO 5432 [egg-security] use nosniff middleware
2020-04-29 16:40:47,369 INFO 5432 [egg-security] use xssProtection middleware
2020-04-29 16:40:47,371 INFO 5432 [egg-security] use xframe middleware
2020-04-29 16:40:47,373 INFO 5432 [egg-security] use dta middleware
2020-04-29 16:40:47,373 INFO 5432 [egg-security] compose 7 middlewares into one security middleware
2020-04-29 16:40:47,405 INFO 5432 [egg:core] dump config after load, 15ms
2020-04-29 16:40:47,428 INFO 5432 [egg-watcher:application] watcher start success
2020-04-29 16:40:47,437 INFO 5432 [egg:core] dump config after ready, 7ms
2020-04-29 16:46:12,750 INFO 10556 [egg:logger] init all loggers with options: {"dir":"D:\\Sky\\code\\nodeJS4.29\\egg-example\\logs\\eggjs","encoding":"utf8","env":"local","level":"INFO","consoleLevel":"INFO","disableConsoleAfterReady":false,"outputJSON":false,"buffer":true,"appLogName":"eggjs-web.log","coreLogName":"egg-web.log","agentLogName":"egg-agent.log","errorLogName":"common-error.log","coreLogger":{"consoleLevel":"WARN"},"allowDebugAtProd":false,"type":"application"}
2020-04-29 16:46:12,839 INFO 10556 [egg-multipart] stream mode enable
2020-04-29 16:46:13,624 INFO 10556 [egg-static] starting static serve /public/ -> D:\Sky\code\nodeJS4.29\egg-example\app\public
2020-04-29 16:46:13,666 INFO 10556 [egg-security] use csrf middleware
2020-04-29 16:46:13,670 INFO 10556 [egg-security] use methodnoallow middleware
2020-04-29 16:46:13,672 INFO 10556 [egg-security] use noopen middleware
2020-04-29 16:46:13,695 INFO 10556 [egg-security] use nosniff middleware
2020-04-29 16:46:13,696 INFO 10556 [egg-security] use xssProtection middleware
2020-04-29 16:46:13,697 INFO 10556 [egg-security] use xframe middleware
2020-04-29 16:46:13,698 INFO 10556 [egg-security] use dta middleware
2020-04-29 16:46:13,698 INFO 10556 [egg-security] compose 7 middlewares into one security middleware
2020-04-29 16:46:13,725 INFO 10556 [egg:core] dump config after load, 18ms
2020-04-29 16:46:13,751 INFO 10556 [egg-watcher:application] watcher start success
2020-04-29 16:46:13,759 INFO 10556 [egg:core] dump config after ready, 6ms
2020-04-29 16:47:45,921 INFO 5036 [egg:logger] init all loggers with options: {"dir":"D:\\Sky\\code\\nodeJS4.29\\egg-example\\logs\\eggjs","encoding":"utf8","env":"local","level":"INFO","consoleLevel":"INFO","disableConsoleAfterReady":false,"outputJSON":false,"buffer":true,"appLogName":"eggjs-web.log","coreLogName":"egg-web.log","agentLogName":"egg-agent.log","errorLogName":"common-error.log","coreLogger":{"consoleLevel":"WARN"},"allowDebugAtProd":false,"type":"application"}
2020-04-29 16:47:46,021 INFO 5036 [egg-multipart] stream mode enable
2020-04-29 16:47:46,703 INFO 5036 [egg-static] starting static serve /public/ -> D:\Sky\code\nodeJS4.29\egg-example\app\public
2020-04-29 16:47:46,736 INFO 5036 [egg-security] use csrf middleware
2020-04-29 16:47:46,740 INFO 5036 [egg-security] use methodnoallow middleware
2020-04-29 16:47:46,742 INFO 5036 [egg-security] use noopen middleware
2020-04-29 16:47:46,761 INFO 5036 [egg-security] use nosniff middleware
2020-04-29 16:47:46,763 INFO 5036 [egg-security] use xssProtection middleware
2020-04-29 16:47:46,765 INFO 5036 [egg-security] use xframe middleware
2020-04-29 16:47:46,766 INFO 5036 [egg-security] use dta middleware
2020-04-29 16:47:46,766 INFO 5036 [egg-security] compose 7 middlewares into one security middleware
2020-04-29 16:47:46,849 INFO 5036 [egg:core] dump config after load, 67ms
2020-04-29 16:47:46,897 INFO 5036 [egg-watcher:application] watcher start success
2020-04-29 16:47:46,908 INFO 5036 [egg:core] dump config after ready, 8ms
2020-04-29 16:49:13,852 INFO 8220 [egg:logger] init all loggers with options: {"dir":"D:\\Sky\\code\\nodeJS4.29\\egg-example\\logs\\eggjs","encoding":"utf8","env":"local","level":"INFO","consoleLevel":"INFO","disableConsoleAfterReady":false,"outputJSON":false,"buffer":true,"appLogName":"eggjs-web.log","coreLogName":"egg-web.log","agentLogName":"egg-agent.log","errorLogName":"common-error.log","coreLogger":{"consoleLevel":"WARN"},"allowDebugAtProd":false,"type":"application"}
2020-04-29 16:49:13,953 INFO 8220 [egg-multipart] stream mode enable
2020-04-29 16:49:17,153 INFO 8220 [egg-static] starting static serve /public/ -> D:\Sky\code\nodeJS4.29\egg-example\app\public
2020-04-29 16:49:17,455 INFO 8220 [egg-security] use csrf middleware
2020-04-29 16:49:17,461 INFO 8220 [egg-security] use methodnoallow middleware
2020-04-29 16:49:17,464 INFO 8220 [egg-security] use noopen middleware
2020-04-29 16:49:17,622 INFO 8220 [egg-security] use nosniff middleware
2020-04-29 16:49:17,625 INFO 8220 [egg-security] use xssProtection middleware
2020-04-29 16:49:17,628 INFO 8220 [egg-security] use xframe middleware
2020-04-29 16:49:17,630 INFO 8220 [egg-security] use dta middleware
2020-04-29 16:49:17,630 INFO 8220 [egg-security] compose 7 middlewares into one security middleware
2020-04-29 16:49:17,661 INFO 8220 [egg:core] dump config after load, 17ms
2020-04-29 16:49:17,703 INFO 8220 [egg-watcher:application] watcher start success
2020-04-29 16:49:17,725 INFO 8220 [egg:core] dump config after ready, 19ms
2020-04-29 16:51:07,039 INFO 9208 [egg:logger] init all loggers with options: {"dir":"D:\\Sky\\code\\nodeJS4.29\\egg-example\\logs\\eggjs","encoding":"utf8","env":"local","level":"INFO","consoleLevel":"INFO","disableConsoleAfterReady":false,"outputJSON":false,"buffer":true,"appLogName":"eggjs-web.log","coreLogName":"egg-web.log","agentLogName":"egg-agent.log","errorLogName":"common-error.log","coreLogger":{"consoleLevel":"WARN"},"allowDebugAtProd":false,"type":"application"}
2020-04-29 16:51:07,235 INFO 9208 [egg-multipart] stream mode enable
2020-04-29 16:51:07,872 INFO 9208 [egg-static] starting static serve /public/ -> D:\Sky\code\nodeJS4.29\egg-example\app\public
2020-04-29 16:51:07,895 INFO 9208 [egg-security] use csrf middleware
2020-04-29 16:51:07,897 INFO 9208 [egg-security] use methodnoallow middleware
2020-04-29 16:51:07,912 INFO 9208 [egg-security] use noopen middleware
2020-04-29 16:51:07,913 INFO 9208 [egg-security] use nosniff middleware
2020-04-29 16:51:07,914 INFO 9208 [egg-security] use xssProtection middleware
2020-04-29 16:51:07,914 INFO 9208 [egg-security] use xframe middleware
2020-04-29 16:51:07,924 INFO 9208 [egg-security] use dta middleware
2020-04-29 16:51:07,924 INFO 9208 [egg-security] compose 7 middlewares into one security middleware
2020-04-29 16:51:07,940 INFO 9208 [egg:core] dump config after load, 11ms
2020-04-29 16:51:07,981 INFO 9208 [egg-watcher:application] watcher start success
2020-04-29 16:51:08,004 INFO 9208 [egg:core] dump config after ready, 9ms
2020-04-29 16:51:38,909 INFO 5788 [egg:logger] init all loggers with options: {"dir":"D:\\Sky\\code\\nodeJS4.29\\egg-example\\logs\\eggjs","encoding":"utf8","env":"local","level":"INFO","consoleLevel":"INFO","disableConsoleAfterReady":false,"outputJSON":false,"buffer":true,"appLogName":"eggjs-web.log","coreLogName":"egg-web.log","agentLogName":"egg-agent.log","errorLogName":"common-error.log","coreLogger":{"consoleLevel":"WARN"},"allowDebugAtProd":false,"type":"application"}
2020-04-29 16:51:39,158 INFO 5788 [egg-multipart] stream mode enable
2020-04-29 16:51:40,631 INFO 5788 [egg-static] starting static serve /public/ -> D:\Sky\code\nodeJS4.29\egg-example\app\public
2020-04-29 16:51:40,683 INFO 5788 [egg-security] use csrf middleware
2020-04-29 16:51:40,686 INFO 5788 [egg-security] use methodnoallow middleware
2020-04-29 16:51:40,692 INFO 5788 [egg-security] use noopen middleware
2020-04-29 16:51:40,704 INFO 5788 [egg-security] use nosniff middleware
2020-04-29 16:51:40,705 INFO 5788 [egg-security] use xssProtection middleware
2020-04-29 16:51:40,707 INFO 5788 [egg-security] use xframe middleware
2020-04-29 16:51:40,707 INFO 5788 [egg-security] use dta middleware
2020-04-29 16:51:40,708 INFO 5788 [egg-security] compose 7 middlewares into one security middleware
2020-04-29 16:51:40,726 INFO 5788 [egg:core] dump config after load, 12ms
2020-04-29 16:51:40,760 INFO 5788 [egg-watcher:application] watcher start success
2020-04-29 16:51:40,784 INFO 5788 [egg:core] dump config after ready, 20ms
2020-04-29 16:52:30,971 INFO 6160 [egg:logger] init all loggers with options: {"dir":"D:\\Sky\\code\\nodeJS4.29\\egg-example\\logs\\eggjs","encoding":"utf8","env":"local","level":"INFO","consoleLevel":"INFO","disableConsoleAfterReady":false,"outputJSON":false,"buffer":true,"appLogName":"eggjs-web.log","coreLogName":"egg-web.log","agentLogName":"egg-agent.log","errorLogName":"common-error.log","coreLogger":{"consoleLevel":"WARN"},"allowDebugAtProd":false,"type":"application"}
2020-04-29 16:52:31,063 INFO 6160 [egg-multipart] stream mode enable
2020-04-29 16:52:31,767 INFO 6160 [egg-static] starting static serve /public/ -> D:\Sky\code\nodeJS4.29\egg-example\app\public
2020-04-29 16:52:31,847 INFO 6160 [egg-security] use csrf middleware
2020-04-29 16:52:31,852 INFO 6160 [egg-security] use methodnoallow middleware
2020-04-29 16:52:31,854 INFO 6160 [egg-security] use noopen middleware
2020-04-29 16:52:31,894 INFO 6160 [egg-security] use nosniff middleware
2020-04-29 16:52:31,896 INFO 6160 [egg-security] use xssProtection middleware
2020-04-29 16:52:31,899 INFO 6160 [egg-security] use xframe middleware
2020-04-29 16:52:31,902 INFO 6160 [egg-security] use dta middleware
2020-04-29 16:52:31,902 INFO 6160 [egg-security] compose 7 middlewares into one security middleware
2020-04-29 16:52:31,943 INFO 6160 [egg:core] dump config after load, 23ms
2020-04-29 16:52:31,964 INFO 6160 [egg-watcher:application] watcher start success
2020-04-29 16:52:31,978 INFO 6160 [egg:core] dump config after ready, 11ms
2020-04-29 16:54:33,377 INFO 4840 [egg:logger] init all loggers with options: {"dir":"D:\\Sky\\code\\nodeJS4.29\\egg-example\\logs\\eggjs","encoding":"utf8","env":"local","level":"INFO","consoleLevel":"INFO","disableConsoleAfterReady":false,"outputJSON":false,"buffer":true,"appLogName":"eggjs-web.log","coreLogName":"egg-web.log","agentLogName":"egg-agent.log","errorLogName":"common-error.log","coreLogger":{"consoleLevel":"WARN"},"allowDebugAtProd":false,"type":"application"}
2020-04-29 16:54:33,563 INFO 4840 [egg-multipart] stream mode enable
2020-04-29 16:54:34,231 INFO 4840 [egg-static] starting static serve /public/ -> D:\Sky\code\nodeJS4.29\egg-example\app\public
2020-04-29 16:54:34,259 INFO 4840 [egg-security] use csrf middleware
2020-04-29 16:54:34,261 INFO 4840 [egg-security] use methodnoallow middleware
2020-04-29 16:54:34,262 INFO 4840 [egg-security] use noopen middleware
2020-04-29 16:54:34,283 INFO 4840 [egg-security] use nosniff middleware
2020-04-29 16:54:34,284 INFO 4840 [egg-security] use xssProtection middleware
2020-04-29 16:54:34,285 INFO 4840 [egg-security] use xframe middleware
2020-04-29 16:54:34,286 INFO 4840 [egg-security] use dta middleware
2020-04-29 16:54:34,286 INFO 4840 [egg-security] compose 7 middlewares into one security middleware
2020-04-29 16:54:34,307 INFO 4840 [egg:core] dump config after load, 15ms
2020-04-29 16:54:34,327 INFO 4840 [egg-watcher:application] watcher start success
2020-04-29 16:54:34,336 INFO 4840 [egg:core] dump config after ready, 6ms
2020-04-29 16:56:49,115 INFO 4352 [egg:logger] init all loggers with options: {"dir":"D:\\Sky\\code\\nodeJS4.29\\egg-example\\logs\\eggjs","encoding":"utf8","env":"local","level":"INFO","consoleLevel":"INFO","disableConsoleAfterReady":false,"outputJSON":false,"buffer":true,"appLogName":"eggjs-web.log","coreLogName":"egg-web.log","agentLogName":"egg-agent.log","errorLogName":"common-error.log","coreLogger":{"consoleLevel":"WARN"},"allowDebugAtProd":false,"type":"application"}
2020-04-29 16:56:49,204 INFO 4352 [egg-multipart] stream mode enable
2020-04-29 16:56:49,844 INFO 4352 [egg-static] starting static serve /public/ -> D:\Sky\code\nodeJS4.29\egg-example\app\public
2020-04-29 16:56:49,870 INFO 4352 [egg-security] use csrf middleware
2020-04-29 16:56:49,873 INFO 4352 [egg-security] use methodnoallow middleware
2020-04-29 16:56:49,874 INFO 4352 [egg-security] use noopen middleware
2020-04-29 16:56:49,894 INFO 4352 [egg-security] use nosniff middleware
2020-04-29 16:56:49,896 INFO 4352 [egg-security] use xssProtection middleware
2020-04-29 16:56:49,897 INFO 4352 [egg-security] use xframe middleware
2020-04-29 16:56:49,898 INFO 4352 [egg-security] use dta middleware
2020-04-29 16:56:49,898 INFO 4352 [egg-security] compose 7 middlewares into one security middleware
2020-04-29 16:56:49,924 INFO 4352 [egg:core] dump config after load, 16ms
2020-04-29 16:56:49,946 INFO 4352 [egg-watcher:application] watcher start success
2020-04-29 16:56:49,956 INFO 4352 [egg:core] dump config after ready, 8ms
2020-04-29 16:58:18,068 INFO 7944 [egg:logger] init all loggers with options: {"dir":"D:\\Sky\\code\\nodeJS4.29\\egg-example\\logs\\eggjs","encoding":"utf8","env":"local","level":"INFO","consoleLevel":"INFO","disableConsoleAfterReady":false,"outputJSON":false,"buffer":true,"appLogName":"eggjs-web.log","coreLogName":"egg-web.log","agentLogName":"egg-agent.log","errorLogName":"common-error.log","coreLogger":{"consoleLevel":"WARN"},"allowDebugAtProd":false,"type":"application"}
2020-04-29 16:58:18,168 INFO 7944 [egg-multipart] stream mode enable
2020-04-29 16:58:18,857 INFO 7944 [egg-static] starting static serve /public/ -> D:\Sky\code\nodeJS4.29\egg-example\app\public
2020-04-29 16:58:18,892 INFO 7944 [egg-security] use csrf middleware
2020-04-29 16:58:18,894 INFO 7944 [egg-security] use methodnoallow middleware
2020-04-29 16:58:18,894 INFO 7944 [egg-security] use noopen middleware
2020-04-29 16:58:18,916 INFO 7944 [egg-security] use nosniff middleware
2020-04-29 16:58:18,917 INFO 7944 [egg-security] use xssProtection middleware
2020-04-29 16:58:18,918 INFO 7944 [egg-security] use xframe middleware
2020-04-29 16:58:18,919 INFO 7944 [egg-security] use dta middleware
2020-04-29 16:58:18,919 INFO 7944 [egg-security] compose 7 middlewares into one security middleware
2020-04-29 16:58:18,945 INFO 7944 [egg:core] dump config after load, 18ms
2020-04-29 16:58:18,976 INFO 7944 [egg-watcher:application] watcher start success
2020-04-29 16:58:19,002 INFO 7944 [egg:core] dump config after ready, 19ms
2020-04-29 16:59:22,655 INFO 4844 [egg:logger] init all loggers with options: {"dir":"D:\\Sky\\code\\nodeJS4.29\\egg-example\\logs\\eggjs","encoding":"utf8","env":"local","level":"INFO","consoleLevel":"INFO","disableConsoleAfterReady":false,"outputJSON":false,"buffer":true,"appLogName":"eggjs-web.log","coreLogName":"egg-web.log","agentLogName":"egg-agent.log","errorLogName":"common-error.log","coreLogger":{"consoleLevel":"WARN"},"allowDebugAtProd":false,"type":"application"}
2020-04-29 16:59:22,773 INFO 4844 [egg-multipart] stream mode enable
2020-04-29 16:59:23,626 INFO 4844 [egg-static] starting static serve /public/ -> D:\Sky\code\nodeJS4.29\egg-example\app\public
2020-04-29 16:59:23,651 INFO 4844 [egg-security] use csrf middleware
2020-04-29 16:59:23,657 INFO 4844 [egg-security] use methodnoallow middleware
2020-04-29 16:59:23,658 INFO 4844 [egg-security] use noopen middleware
2020-04-29 16:59:23,684 INFO 4844 [egg-security] use nosniff middleware
2020-04-29 16:59:23,685 INFO 4844 [egg-security] use xssProtection middleware
2020-04-29 16:59:23,685 INFO 4844 [egg-security] use xframe middleware
2020-04-29 16:59:23,686 INFO 4844 [egg-security] use dta middleware
2020-04-29 16:59:23,686 INFO 4844 [egg-security] compose 7 middlewares into one security middleware
2020-04-29 16:59:23,705 INFO 4844 [egg:core] dump config after load, 14ms
2020-04-29 16:59:23,722 INFO 4844 [egg-watcher:application] watcher start success
2020-04-29 16:59:23,732 INFO 4844 [egg:core] dump config after ready, 7ms
2020-04-29 16:59:42,121 INFO 5880 [egg:logger] init all loggers with options: {"dir":"D:\\Sky\\code\\nodeJS4.29\\egg-example\\logs\\eggjs","encoding":"utf8","env":"local","level":"INFO","consoleLevel":"INFO","disableConsoleAfterReady":false,"outputJSON":false,"buffer":true,"appLogName":"eggjs-web.log","coreLogName":"egg-web.log","agentLogName":"egg-agent.log","errorLogName":"common-error.log","coreLogger":{"consoleLevel":"WARN"},"allowDebugAtProd":false,"type":"application"}
2020-04-29 16:59:42,246 INFO 5880 [egg-multipart] stream mode enable
2020-04-29 16:59:42,893 INFO 5880 [egg-static] starting static serve /public/ -> D:\Sky\code\nodeJS4.29\egg-example\app\public
2020-04-29 16:59:42,923 INFO 5880 [egg-security] use csrf middleware
2020-04-29 16:59:42,928 INFO 5880 [egg-security] use methodnoallow middleware
2020-04-29 16:59:42,930 INFO 5880 [egg-security] use noopen middleware
2020-04-29 16:59:42,952 INFO 5880 [egg-security] use nosniff middleware
2020-04-29 16:59:42,953 INFO 5880 [egg-security] use xssProtection middleware
2020-04-29 16:59:42,955 INFO 5880 [egg-security] use xframe middleware
2020-04-29 16:59:42,956 INFO 5880 [egg-security] use dta middleware
2020-04-29 16:59:42,956 INFO 5880 [egg-security] compose 7 middlewares into one security middleware
2020-04-29 16:59:42,973 INFO 5880 [egg:core] dump config after load, 11ms
2020-04-29 16:59:43,009 INFO 5880 [egg-watcher:application] watcher start success
2020-04-29 16:59:43,023 INFO 5880 [egg:core] dump config after ready, 8ms
2020-04-29 17:00:09,422 INFO 5504 [egg:logger] init all loggers with options: {"dir":"D:\\Sky\\code\\nodeJS4.29\\egg-example\\logs\\eggjs","encoding":"utf8","env":"local","level":"INFO","consoleLevel":"INFO","disableConsoleAfterReady":false,"outputJSON":false,"buffer":true,"appLogName":"eggjs-web.log","coreLogName":"egg-web.log","agentLogName":"egg-agent.log","errorLogName":"common-error.log","coreLogger":{"consoleLevel":"WARN"},"allowDebugAtProd":false,"type":"application"}
2020-04-29 17:00:09,577 INFO 5504 [egg-multipart] stream mode enable
2020-04-29 17:00:10,177 INFO 5504 [egg-static] starting static serve /public/ -> D:\Sky\code\nodeJS4.29\egg-example\app\public
2020-04-29 17:00:10,206 INFO 5504 [egg-security] use csrf middleware
2020-04-29 17:00:10,208 INFO 5504 [egg-security] use methodnoallow middleware
2020-04-29 17:00:10,208 INFO 5504 [egg-security] use noopen middleware
2020-04-29 17:00:10,230 INFO 5504 [egg-security] use nosniff middleware
2020-04-29 17:00:10,231 INFO 5504 [egg-security] use xssProtection middleware
2020-04-29 17:00:10,232 INFO 5504 [egg-security] use xframe middleware
2020-04-29 17:00:10,232 INFO 5504 [egg-security] use dta middleware
2020-04-29 17:00:10,232 INFO 5504 [egg-security] compose 7 middlewares into one security middleware
2020-04-29 17:00:10,259 INFO 5504 [egg:core] dump config after load, 21ms
2020-04-29 17:00:10,274 INFO 5504 [egg-watcher:application] watcher start success
2020-04-29 17:00:10,283 INFO 5504 [egg:core] dump config after ready, 6ms
2020-04-29 17:00:51,842 INFO 9784 [egg:logger] init all loggers with options: {"dir":"D:\\Sky\\code\\nodeJS4.29\\egg-example\\logs\\eggjs","encoding":"utf8","env":"local","level":"INFO","consoleLevel":"INFO","disableConsoleAfterReady":false,"outputJSON":false,"buffer":true,"appLogName":"eggjs-web.log","coreLogName":"egg-web.log","agentLogName":"egg-agent.log","errorLogName":"common-error.log","coreLogger":{"consoleLevel":"WARN"},"allowDebugAtProd":false,"type":"application"}
2020-04-29 17:00:51,948 INFO 9784 [egg-multipart] stream mode enable
2020-04-29 17:00:52,527 INFO 9784 [egg-static] starting static serve /public/ -> D:\Sky\code\nodeJS4.29\egg-example\app\public
2020-04-29 17:00:52,586 INFO 9784 [egg-security] use csrf middleware
2020-04-29 17:00:52,590 INFO 9784 [egg-security] use methodnoallow middleware
2020-04-29 17:00:52,591 INFO 9784 [egg-security] use noopen middleware
2020-04-29 17:00:52,613 INFO 9784 [egg-security] use nosniff middleware
2020-04-29 17:00:52,614 INFO 9784 [egg-security] use xssProtection middleware
2020-04-29 17:00:52,616 INFO 9784 [egg-security] use xframe middleware
2020-04-29 17:00:52,617 INFO 9784 [egg-security] use dta middleware
2020-04-29 17:00:52,617 INFO 9784 [egg-security] compose 7 middlewares into one security middleware
2020-04-29 17:00:52,653 INFO 9784 [egg:core] dump config after load, 24ms
2020-04-29 17:00:52,683 INFO 9784 [egg-watcher:application] watcher start success
2020-04-29 17:00:52,693 INFO 9784 [egg:core] dump config after ready, 7ms
2020-04-29 17:02:37,228 INFO 8620 [egg:logger] init all loggers with options: {"dir":"D:\\Sky\\code\\nodeJS4.29\\egg-example\\logs\\eggjs","encoding":"utf8","env":"local","level":"INFO","consoleLevel":"INFO","disableConsoleAfterReady":false,"outputJSON":false,"buffer":true,"appLogName":"eggjs-web.log","coreLogName":"egg-web.log","agentLogName":"egg-agent.log","errorLogName":"common-error.log","coreLogger":{"consoleLevel":"WARN"},"allowDebugAtProd":false,"type":"application"}
2020-04-29 17:02:37,320 INFO 8620 [egg-multipart] stream mode enable
2020-04-29 17:02:38,101 INFO 8620 [egg-static] starting static serve /public/ -> D:\Sky\code\nodeJS4.29\egg-example\app\public
2020-04-29 17:02:38,160 INFO 8620 [egg-security] use csrf middleware
2020-04-29 17:02:38,163 INFO 8620 [egg-security] use methodnoallow middleware
2020-04-29 17:02:38,164 INFO 8620 [egg-security] use noopen middleware
2020-04-29 17:02:38,167 INFO 8620 [egg-security] use nosniff middleware
2020-04-29 17:02:38,168 INFO 8620 [egg-security] use xssProtection middleware
2020-04-29 17:02:38,170 INFO 8620 [egg-security] use xframe middleware
2020-04-29 17:02:38,172 INFO 8620 [egg-security] use dta middleware
2020-04-29 17:02:38,172 INFO 8620 [egg-security] compose 7 middlewares into one security middleware
2020-04-29 17:02:38,204 INFO 8620 [egg:core] dump config after load, 20ms
2020-04-29 17:02:38,224 INFO 8620 [egg-watcher:application] watcher start success
2020-04-29 17:02:38,233 INFO 8620 [egg:core] dump config after ready, 6ms
2020-04-29 17:03:24,217 INFO 7488 [egg:logger] init all loggers with options: {"dir":"D:\\Sky\\code\\nodeJS4.29\\egg-example\\logs\\eggjs","encoding":"utf8","env":"local","level":"INFO","consoleLevel":"INFO","disableConsoleAfterReady":false,"outputJSON":false,"buffer":true,"appLogName":"eggjs-web.log","coreLogName":"egg-web.log","agentLogName":"egg-agent.log","errorLogName":"common-error.log","coreLogger":{"consoleLevel":"WARN"},"allowDebugAtProd":false,"type":"application"}
2020-04-29 17:03:24,322 INFO 7488 [egg-multipart] stream mode enable
2020-04-29 17:03:24,869 INFO 7488 [egg-static] starting static serve /public/ -> D:\Sky\code\nodeJS4.29\egg-example\app\public
2020-04-29 17:03:24,893 INFO 7488 [egg-security] use csrf middleware
2020-04-29 17:03:24,894 INFO 7488 [egg-security] use methodnoallow middleware
2020-04-29 17:03:24,895 INFO 7488 [egg-security] use noopen middleware
2020-04-29 17:03:24,905 INFO 7488 [egg-security] use nosniff middleware
2020-04-29 17:03:24,906 INFO 7488 [egg-security] use xssProtection middleware
2020-04-29 17:03:24,907 INFO 7488 [egg-security] use xframe middleware
2020-04-29 17:03:24,907 INFO 7488 [egg-security] use dta middleware
2020-04-29 17:03:24,907 INFO 7488 [egg-security] compose 7 middlewares into one security middleware
2020-04-29 17:03:24,934 INFO 7488 [egg:core] dump config after load, 20ms
2020-04-29 17:03:24,960 INFO 7488 [egg-watcher:application] watcher start success
2020-04-29 17:03:24,975 INFO 7488 [egg:core] dump config after ready, 9ms
2020-04-29 17:03:59,915 INFO 9720 [egg:logger] init all loggers with options: {"dir":"D:\\Sky\\code\\nodeJS4.29\\egg-example\\logs\\eggjs","encoding":"utf8","env":"local","level":"INFO","consoleLevel":"INFO","disableConsoleAfterReady":false,"outputJSON":false,"buffer":true,"appLogName":"eggjs-web.log","coreLogName":"egg-web.log","agentLogName":"egg-agent.log","errorLogName":"common-error.log","coreLogger":{"consoleLevel":"WARN"},"allowDebugAtProd":false,"type":"application"}
2020-04-29 17:04:00,004 INFO 9720 [egg-multipart] stream mode enable
2020-04-29 17:04:00,965 INFO 9720 [egg-static] starting static serve /public/ -> D:\Sky\code\nodeJS4.29\egg-example\app\public
2020-04-29 17:04:01,001 INFO 9720 [egg-security] use csrf middleware
2020-04-29 17:04:01,003 INFO 9720 [egg-security] use methodnoallow middleware
2020-04-29 17:04:01,004 INFO 9720 [egg-security] use noopen middleware
2020-04-29 17:04:01,022 INFO 9720 [egg-security] use nosniff middleware
2020-04-29 17:04:01,023 INFO 9720 [egg-security] use xssProtection middleware
2020-04-29 17:04:01,024 INFO 9720 [egg-security] use xframe middleware
2020-04-29 17:04:01,025 INFO 9720 [egg-security] use dta middleware
2020-04-29 17:04:01,025 INFO 9720 [egg-security] compose 7 middlewares into one security middleware
2020-04-29 17:04:01,052 INFO 9720 [egg:core] dump config after load, 20ms
2020-04-29 17:04:01,093 INFO 9720 [egg-watcher:application] watcher start success
2020-04-29 17:04:01,113 INFO 9720 [egg:core] dump config after ready, 8ms
2020-04-29 17:04:14,685 INFO 10088 [egg:logger] init all loggers with options: {"dir":"D:\\Sky\\code\\nodeJS4.29\\egg-example\\logs\\eggjs","encoding":"utf8","env":"local","level":"INFO","consoleLevel":"INFO","disableConsoleAfterReady":false,"outputJSON":false,"buffer":true,"appLogName":"eggjs-web.log","coreLogName":"egg-web.log","agentLogName":"egg-agent.log","errorLogName":"common-error.log","coreLogger":{"consoleLevel":"WARN"},"allowDebugAtProd":false,"type":"application"}
2020-04-29 17:04:14,787 INFO 10088 [egg-multipart] stream mode enable
2020-04-29 17:04:15,448 INFO 10088 [egg-static] starting static serve /public/ -> D:\Sky\code\nodeJS4.29\egg-example\app\public
2020-04-29 17:04:15,477 INFO 10088 [egg-security] use csrf middleware
2020-04-29 17:04:15,478 INFO 10088 [egg-security] use methodnoallow middleware
2020-04-29 17:04:15,479 INFO 10088 [egg-security] use noopen middleware
2020-04-29 17:04:15,501 INFO 10088 [egg-security] use nosniff middleware
2020-04-29 17:04:15,502 INFO 10088 [egg-security] use xssProtection middleware
2020-04-29 17:04:15,502 INFO 10088 [egg-security] use xframe middleware
2020-04-29 17:04:15,503 INFO 10088 [egg-security] use dta middleware
2020-04-29 17:04:15,503 INFO 10088 [egg-security] compose 7 middlewares into one security middleware
2020-04-29 17:04:15,518 INFO 10088 [egg:core] dump config after load, 10ms
2020-04-29 17:04:15,541 INFO 10088 [egg-watcher:application] watcher start success
2020-04-29 17:04:15,569 INFO 10088 [egg:core] dump config after ready, 22ms
2020-04-29 17:04:35,934 INFO 8432 [egg:logger] init all loggers with options: {"dir":"D:\\Sky\\code\\nodeJS4.29\\egg-example\\logs\\eggjs","encoding":"utf8","env":"local","level":"INFO","consoleLevel":"INFO","disableConsoleAfterReady":false,"outputJSON":false,"buffer":true,"appLogName":"eggjs-web.log","coreLogName":"egg-web.log","agentLogName":"egg-agent.log","errorLogName":"common-error.log","coreLogger":{"consoleLevel":"WARN"},"allowDebugAtProd":false,"type":"application"}
2020-04-29 17:04:36,017 INFO 8432 [egg-multipart] stream mode enable
2020-04-29 17:04:36,601 INFO 8432 [egg-static] starting static serve /public/ -> D:\Sky\code\nodeJS4.29\egg-example\app\public
2020-04-29 17:04:36,643 INFO 8432 [egg-security] use csrf middleware
2020-04-29 17:04:36,654 INFO 8432 [egg-security] use methodnoallow middleware
2020-04-29 17:04:36,656 INFO 8432 [egg-security] use noopen middleware
2020-04-29 17:04:36,666 INFO 8432 [egg-security] use nosniff middleware
2020-04-29 17:04:36,669 INFO 8432 [egg-security] use xssProtection middleware
2020-04-29 17:04:36,671 INFO 8432 [egg-security] use xframe middleware
2020-04-29 17:04:36,672 INFO 8432 [egg-security] use dta middleware
2020-04-29 17:04:36,672 INFO 8432 [egg-security] compose 7 middlewares into one security middleware
2020-04-29 17:04:36,703 INFO 8432 [egg:core] dump config after load, 18ms
2020-04-29 17:04:36,721 INFO 8432 [egg-watcher:application] watcher start success
2020-04-29 17:04:36,730 INFO 8432 [egg:core] dump config after ready, 7ms
2020-04-29 17:04:47,656 INFO 5684 [egg:logger] init all loggers with options: {"dir":"D:\\Sky\\code\\nodeJS4.29\\egg-example\\logs\\eggjs","encoding":"utf8","env":"local","level":"INFO","consoleLevel":"INFO","disableConsoleAfterReady":false,"outputJSON":false,"buffer":true,"appLogName":"eggjs-web.log","coreLogName":"egg-web.log","agentLogName":"egg-agent.log","errorLogName":"common-error.log","coreLogger":{"consoleLevel":"WARN"},"allowDebugAtProd":false,"type":"application"}
2020-04-29 17:04:47,812 INFO 5684 [egg-multipart] stream mode enable
2020-04-29 17:04:48,811 INFO 5684 [egg-static] starting static serve /public/ -> D:\Sky\code\nodeJS4.29\egg-example\app\public
2020-04-29 17:04:48,841 INFO 5684 [egg-security] use csrf middleware
2020-04-29 17:04:48,852 INFO 5684 [egg-security] use methodnoallow middleware
2020-04-29 17:04:48,855 INFO 5684 [egg-security] use noopen middleware
2020-04-29 17:04:48,910 INFO 5684 [egg-security] use nosniff middleware
2020-04-29 17:04:48,912 INFO 5684 [egg-security] use xssProtection middleware
2020-04-29 17:04:48,916 INFO 5684 [egg-security] use xframe middleware
2020-04-29 17:04:48,918 INFO 5684 [egg-security] use dta middleware
2020-04-29 17:04:48,918 INFO 5684 [egg-security] compose 7 middlewares into one security middleware
2020-04-29 17:04:48,964 INFO 5684 [egg:core] dump config after load, 23ms
2020-04-29 17:04:49,002 INFO 5684 [egg-watcher:application] watcher start success
2020-04-29 17:04:49,015 INFO 5684 [egg:core] dump config after ready, 7ms
2020-04-29 17:05:22,395 INFO 10348 [egg:logger] init all loggers with options: {"dir":"D:\\Sky\\code\\nodeJS4.29\\egg-example\\logs\\eggjs","encoding":"utf8","env":"local","level":"INFO","consoleLevel":"INFO","disableConsoleAfterReady":false,"outputJSON":false,"buffer":true,"appLogName":"eggjs-web.log","coreLogName":"egg-web.log","agentLogName":"egg-agent.log","errorLogName":"common-error.log","coreLogger":{"consoleLevel":"WARN"},"allowDebugAtProd":false,"type":"application"}
2020-04-29 17:05:22,549 INFO 10348 [egg-multipart] stream mode enable
2020-04-29 17:05:23,087 INFO 10348 [egg-static] starting static serve /public/ -> D:\Sky\code\nodeJS4.29\egg-example\app\public
2020-04-29 17:05:23,238 INFO 10348 [egg-security] use csrf middleware
2020-04-29 17:05:23,241 INFO 10348 [egg-security] use methodnoallow middleware
2020-04-29 17:05:23,247 INFO 10348 [egg-security] use noopen middleware
2020-04-29 17:05:23,271 INFO 10348 [egg-security] use nosniff middleware
2020-04-29 17:05:23,272 INFO 10348 [egg-security] use xssProtection middleware
2020-04-29 17:05:23,273 INFO 10348 [egg-security] use xframe middleware
2020-04-29 17:05:23,274 INFO 10348 [egg-security] use dta middleware
2020-04-29 17:05:23,274 INFO 10348 [egg-security] compose 7 middlewares into one security middleware
2020-04-29 17:05:23,299 INFO 10348 [egg:core] dump config after load, 18ms
2020-04-29 17:05:23,317 INFO 10348 [egg-watcher:application] watcher start success
2020-04-29 17:05:23,326 INFO 10348 [egg:core] dump config after ready, 7ms
2020-04-29 17:05:44,172 INFO 11000 [egg:logger] init all loggers with options: {"dir":"D:\\Sky\\code\\nodeJS4.29\\egg-example\\logs\\eggjs","encoding":"utf8","env":"local","level":"INFO","consoleLevel":"INFO","disableConsoleAfterReady":false,"outputJSON":false,"buffer":true,"appLogName":"eggjs-web.log","coreLogName":"egg-web.log","agentLogName":"egg-agent.log","errorLogName":"common-error.log","coreLogger":{"consoleLevel":"WARN"},"allowDebugAtProd":false,"type":"application"}
2020-04-29 17:05:44,317 INFO 11000 [egg-multipart] stream mode enable
2020-04-29 17:05:45,010 INFO 11000 [egg-static] starting static serve /public/ -> D:\Sky\code\nodeJS4.29\egg-example\app\public
2020-04-29 17:05:45,037 INFO 11000 [egg-security] use csrf middleware
2020-04-29 17:05:45,045 INFO 11000 [egg-security] use methodnoallow middleware
2020-04-29 17:05:45,046 INFO 11000 [egg-security] use noopen middleware
2020-04-29 17:05:45,069 INFO 11000 [egg-security] use nosniff middleware
2020-04-29 17:05:45,070 INFO 11000 [egg-security] use xssProtection middleware
2020-04-29 17:05:45,072 INFO 11000 [egg-security] use xframe middleware
2020-04-29 17:05:45,073 INFO 11000 [egg-security] use dta middleware
2020-04-29 17:05:45,073 INFO 11000 [egg-security] compose 7 middlewares into one security middleware
2020-04-29 17:05:45,099 INFO 11000 [egg:core] dump config after load, 15ms
2020-04-29 17:05:45,138 INFO 11000 [egg-watcher:application] watcher start success
2020-04-29 17:05:45,160 INFO 11000 [egg:core] dump config after ready, 19ms
2020-04-29 17:06:04,802 INFO 9412 [egg:logger] init all loggers with options: {"dir":"D:\\Sky\\code\\nodeJS4.29\\egg-example\\logs\\eggjs","encoding":"utf8","env":"local","level":"INFO","consoleLevel":"INFO","disableConsoleAfterReady":false,"outputJSON":false,"buffer":true,"appLogName":"eggjs-web.log","coreLogName":"egg-web.log","agentLogName":"egg-agent.log","errorLogName":"common-error.log","coreLogger":{"consoleLevel":"WARN"},"allowDebugAtProd":false,"type":"application"}
2020-04-29 17:06:04,933 INFO 9412 [egg-multipart] stream mode enable
2020-04-29 17:06:05,865 INFO 9412 [egg-static] starting static serve /public/ -> D:\Sky\code\nodeJS4.29\egg-example\app\public
2020-04-29 17:06:05,912 INFO 9412 [egg-security] use csrf middleware
2020-04-29 17:06:05,918 INFO 9412 [egg-security] use methodnoallow middleware
2020-04-29 17:06:05,920 INFO 9412 [egg-security] use noopen middleware
2020-04-29 17:06:05,942 INFO 9412 [egg-security] use nosniff middleware
2020-04-29 17:06:05,944 INFO 9412 [egg-security] use xssProtection middleware
2020-04-29 17:06:05,946 INFO 9412 [egg-security] use xframe middleware
2020-04-29 17:06:05,948 INFO 9412 [egg-security] use dta middleware
2020-04-29 17:06:05,948 INFO 9412 [egg-security] compose 7 middlewares into one security middleware
2020-04-29 17:06:05,997 INFO 9412 [egg:core] dump config after load, 36ms
2020-04-29 17:06:06,034 INFO 9412 [egg-watcher:application] watcher start success
2020-04-29 17:06:06,058 INFO 9412 [egg:core] dump config after ready, 19ms
2020-04-29 17:09:01,699 INFO 4352 [egg:logger] init all loggers with options: {"dir":"D:\\Sky\\code\\nodeJS4.29\\egg-example\\logs\\eggjs","encoding":"utf8","env":"local","level":"INFO","consoleLevel":"INFO","disableConsoleAfterReady":false,"outputJSON":false,"buffer":true,"appLogName":"eggjs-web.log","coreLogName":"egg-web.log","agentLogName":"egg-agent.log","errorLogName":"common-error.log","coreLogger":{"consoleLevel":"WARN"},"allowDebugAtProd":false,"type":"application"}
2020-04-29 17:09:01,776 INFO 4352 [egg-multipart] stream mode enable
2020-04-29 17:09:02,515 INFO 4352 [egg-static] starting static serve /public/ -> D:\Sky\code\nodeJS4.29\egg-example\app\public
2020-04-29 17:09:02,560 INFO 4352 [egg-security] use csrf middleware
2020-04-29 17:09:02,578 INFO 4352 [egg-security] use methodnoallow middleware
2020-04-29 17:09:02,580 INFO 4352 [egg-security] use noopen middleware
2020-04-29 17:09:02,599 INFO 4352 [egg-security] use nosniff middleware
2020-04-29 17:09:02,600 INFO 4352 [egg-security] use xssProtection middleware
2020-04-29 17:09:02,602 INFO 4352 [egg-security] use xframe middleware
2020-04-29 17:09:02,603 INFO 4352 [egg-security] use dta middleware
2020-04-29 17:09:02,603 INFO 4352 [egg-security] compose 7 middlewares into one security middleware
2020-04-29 17:09:02,631 INFO 4352 [egg:core] dump config after load, 16ms
2020-04-29 17:09:02,658 INFO 4352 [egg-watcher:application] watcher start success
2020-04-29 17:09:02,669 INFO 4352 [egg:core] dump config after ready, 8ms
2020-04-29 17:17:06,476 INFO 6368 [egg:logger] init all loggers with options: {"dir":"D:\\Sky\\code\\nodeJS4.29\\egg-example\\logs\\eggjs","encoding":"utf8","env":"local","level":"INFO","consoleLevel":"INFO","disableConsoleAfterReady":false,"outputJSON":false,"buffer":true,"appLogName":"eggjs-web.log","coreLogName":"egg-web.log","agentLogName":"egg-agent.log","errorLogName":"common-error.log","coreLogger":{"consoleLevel":"WARN"},"allowDebugAtProd":false,"type":"application"}
2020-04-29 17:17:06,617 INFO 6368 [egg-multipart] stream mode enable
2020-04-29 17:17:07,249 INFO 6368 [egg-static] starting static serve /public/ -> D:\Sky\code\nodeJS4.29\egg-example\app\public
2020-04-29 17:17:07,292 INFO 6368 [egg-security] use csrf middleware
2020-04-29 17:17:07,297 INFO 6368 [egg-security] use methodnoallow middleware
2020-04-29 17:17:07,300 INFO 6368 [egg-security] use noopen middleware
2020-04-29 17:17:07,322 INFO 6368 [egg-security] use nosniff middleware
2020-04-29 17:17:07,324 INFO 6368 [egg-security] use xssProtection middleware
2020-04-29 17:17:07,325 INFO 6368 [egg-security] use xframe middleware
2020-04-29 17:17:07,327 INFO 6368 [egg-security] use dta middleware
2020-04-29 17:17:07,327 INFO 6368 [egg-security] compose 7 middlewares into one security middleware
2020-04-29 17:17:07,358 INFO 6368 [egg:core] dump config after load, 17ms
2020-04-29 17:17:07,381 INFO 6368 [egg-watcher:application] watcher start success
2020-04-29 17:17:07,391 INFO 6368 [egg:core] dump config after ready, 7ms
2020-04-29 17:18:04,910 INFO 10976 [egg:logger] init all loggers with options: {"dir":"D:\\Sky\\code\\nodeJS4.29\\egg-example\\logs\\eggjs","encoding":"utf8","env":"local","level":"INFO","consoleLevel":"INFO","disableConsoleAfterReady":false,"outputJSON":false,"buffer":true,"appLogName":"eggjs-web.log","coreLogName":"egg-web.log","agentLogName":"egg-agent.log","errorLogName":"common-error.log","coreLogger":{"consoleLevel":"WARN"},"allowDebugAtProd":false,"type":"application"}
2020-04-29 17:18:05,010 INFO 10976 [egg-multipart] stream mode enable
2020-04-29 17:18:05,603 INFO 10976 [egg-static] starting static serve /public/ -> D:\Sky\code\nodeJS4.29\egg-example\app\public
2020-04-29 17:18:05,632 INFO 10976 [egg-security] use csrf middleware
2020-04-29 17:18:05,638 INFO 10976 [egg-security] use methodnoallow middleware
2020-04-29 17:18:05,639 INFO 10976 [egg-security] use noopen middleware
2020-04-29 17:18:05,656 INFO 10976 [egg-security] use nosniff middleware
2020-04-29 17:18:05,658 INFO 10976 [egg-security] use xssProtection middleware
2020-04-29 17:18:05,659 INFO 10976 [egg-security] use xframe middleware
2020-04-29 17:18:05,660 INFO 10976 [egg-security] use dta middleware
2020-04-29 17:18:05,660 INFO 10976 [egg-security] compose 7 middlewares into one security middleware
2020-04-29 17:18:05,685 INFO 10976 [egg:core] dump config after load, 18ms
2020-04-29 17:18:05,706 INFO 10976 [egg-watcher:application] watcher start success
2020-04-29 17:18:05,717 INFO 10976 [egg:core] dump config after ready, 9ms
2020-04-29 17:28:36,951 INFO 4948 [egg:logger] init all loggers with options: {"dir":"D:\\Sky\\code\\nodeJS4.29\\egg-example\\logs\\eggjs","encoding":"utf8","env":"local","level":"INFO","consoleLevel":"INFO","disableConsoleAfterReady":false,"outputJSON":false,"buffer":true,"appLogName":"eggjs-web.log","coreLogName":"egg-web.log","agentLogName":"egg-agent.log","errorLogName":"common-error.log","coreLogger":{"consoleLevel":"WARN"},"allowDebugAtProd":false,"type":"application"}
2020-04-29 17:28:36,992 INFO 4948 [egg-multipart] stream mode enable
2020-04-29 17:28:37,717 INFO 4948 [egg-static] starting static serve /public/ -> D:\Sky\code\nodeJS4.29\egg-example\app\public
2020-04-29 17:28:37,761 INFO 4948 [egg-security] use csrf middleware
2020-04-29 17:28:37,762 INFO 4948 [egg-security] use methodnoallow middleware
2020-04-29 17:28:37,763 INFO 4948 [egg-security] use noopen middleware
2020-04-29 17:28:37,764 INFO 4948 [egg-security] use nosniff middleware
2020-04-29 17:28:37,765 INFO 4948 [egg-security] use xssProtection middleware
2020-04-29 17:28:37,766 INFO 4948 [egg-security] use xframe middleware
2020-04-29 17:28:37,767 INFO 4948 [egg-security] use dta middleware
2020-04-29 17:28:37,767 INFO 4948 [egg-security] compose 7 middlewares into one security middleware
2020-04-29 17:28:37,780 INFO 4948 [egg:core] dump config after load, 7ms
2020-04-29 17:28:37,799 INFO 4948 [egg-watcher:application] watcher start success
2020-04-29 17:28:37,806 INFO 4948 [egg:core] dump config after ready, 5ms
2020-04-29 17:32:29,719 INFO 4500 [egg:logger] init all loggers with options: {"dir":"D:\\Sky\\code\\nodeJS4.29\\egg-example\\logs\\eggjs","encoding":"utf8","env":"local","level":"INFO","consoleLevel":"INFO","disableConsoleAfterReady":false,"outputJSON":false,"buffer":true,"appLogName":"eggjs-web.log","coreLogName":"egg-web.log","agentLogName":"egg-agent.log","errorLogName":"common-error.log","coreLogger":{"consoleLevel":"WARN"},"allowDebugAtProd":false,"type":"application"}
2020-04-29 17:32:29,754 INFO 4500 [egg-multipart] stream mode enable
2020-04-29 17:32:29,819 INFO 4500 [egg-static] starting static serve /public/ -> D:\Sky\code\nodeJS4.29\egg-example\app\public
2020-04-29 17:32:29,822 INFO 4500 [egg-security] use csrf middleware
2020-04-29 17:32:29,826 INFO 4500 [egg-security] use methodnoallow middleware
2020-04-29 17:32:29,826 INFO 4500 [egg-security] use noopen middleware
2020-04-29 17:32:29,827 INFO 4500 [egg-security] use nosniff middleware
2020-04-29 17:32:29,828 INFO 4500 [egg-security] use xssProtection middleware
2020-04-29 17:32:29,828 INFO 4500 [egg-security] use xframe middleware
2020-04-29 17:32:29,829 INFO 4500 [egg-security] use dta middleware
2020-04-29 17:32:29,829 INFO 4500 [egg-security] compose 7 middlewares into one security middleware
2020-04-29 17:32:29,840 INFO 4500 [egg:core] dump config after load, 6ms
2020-04-29 17:32:29,853 INFO 4500 [egg-watcher:application] watcher start success
2020-04-29 17:32:29,860 INFO 4500 [egg:core] dump config after ready, 5ms
2020-04-29 17:51:49,291 INFO 5840 [egg:logger] init all loggers with options: {"dir":"D:\\Sky\\code\\nodeJS4.29\\egg-example\\logs\\eggjs","encoding":"utf8","env":"local","level":"INFO","consoleLevel":"INFO","disableConsoleAfterReady":false,"outputJSON":false,"buffer":true,"appLogName":"eggjs-web.log","coreLogName":"egg-web.log","agentLogName":"egg-agent.log","errorLogName":"common-error.log","coreLogger":{"consoleLevel":"WARN"},"allowDebugAtProd":false,"type":"application"}
2020-04-29 17:51:49,327 INFO 5840 [egg-multipart] stream mode enable
2020-04-29 17:51:49,391 INFO 5840 [egg-static] starting static serve /public/ -> D:\Sky\code\nodeJS4.29\egg-example\app\public
2020-04-29 17:51:49,398 INFO 5840 [egg-security] use csrf middleware
2020-04-29 17:51:49,399 INFO 5840 [egg-security] use methodnoallow middleware
2020-04-29 17:51:49,399 INFO 5840 [egg-security] use noopen middleware
2020-04-29 17:51:49,400 INFO 5840 [egg-security] use nosniff middleware
2020-04-29 17:51:49,401 INFO 5840 [egg-security] use xssProtection middleware
2020-04-29 17:51:49,401 INFO 5840 [egg-security] use xframe middleware
2020-04-29 17:51:49,402 INFO 5840 [egg-security] use dta middleware
2020-04-29 17:51:49,402 INFO 5840 [egg-security] compose 7 middlewares into one security middleware
2020-04-29 17:51:49,413 INFO 5840 [egg:core] dump config after load, 7ms
2020-04-29 17:51:49,429 INFO 5840 [egg-watcher:application] watcher start success
2020-04-29 17:51:49,436 INFO 5840 [egg:core] dump config after ready, 5ms
2020-04-30 09:35:33,776 INFO 6408 [egg:logger] init all loggers with options: {"dir":"D:\\Sky\\code\\nodeJS4.29\\egg-example\\logs\\eggjs","encoding":"utf8","env":"local","level":"INFO","consoleLevel":"INFO","disableConsoleAfterReady":false,"outputJSON":false,"buffer":true,"appLogName":"eggjs-web.log","coreLogName":"egg-web.log","agentLogName":"egg-agent.log","errorLogName":"common-error.log","coreLogger":{"consoleLevel":"WARN"},"allowDebugAtProd":false,"type":"application"}
2020-04-30 09:35:33,819 INFO 6408 [egg-multipart] stream mode enable
2020-04-30 09:35:34,126 INFO 6408 [egg-static] starting static serve /public/ -> D:\Sky\code\nodeJS4.29\egg-example\app\public
2020-04-30 09:35:34,144 INFO 6408 [egg-security] use csrf middleware
2020-04-30 09:35:34,146 INFO 6408 [egg-security] use methodnoallow middleware
2020-04-30 09:35:34,147 INFO 6408 [egg-security] use noopen middleware
2020-04-30 09:35:34,148 INFO 6408 [egg-security] use nosniff middleware
2020-04-30 09:35:34,148 INFO 6408 [egg-security] use xssProtection middleware
2020-04-30 09:35:34,149 INFO 6408 [egg-security] use xframe middleware
2020-04-30 09:35:34,149 INFO 6408 [egg-security] use dta middleware
2020-04-30 09:35:34,149 INFO 6408 [egg-security] compose 7 middlewares into one security middleware
2020-04-30 09:35:34,162 INFO 6408 [egg:core] dump config after load, 7ms
2020-04-30 09:35:34,182 INFO 6408 [egg-watcher:application] watcher start success
2020-04-30 09:35:34,190 INFO 6408 [egg:core] dump config after ready, 6ms
